<?xml version="1.0" encoding="UTF-8"?>
<testng-results ignored="0" total="3" passed="3" failed="0" skipped="0">
  <reporter-output>
  </reporter-output>
  <suite started-at="2024-12-26T05:35:55Z" name="Default suite" finished-at="2024-12-26T05:36:01Z" duration-ms="6458">
    <groups>
    </groups>
    <test started-at="2024-12-26T05:35:55Z" name="Default test" finished-at="2024-12-26T05:36:01Z" duration-ms="6458">
      <class name="Files.DynamicJson">
        <test-method signature="addBook(java.lang.String, java.lang.String)[pri:0, instance:Files.DynamicJson@2fb0623e]" started-at="2024-12-26T05:35:55Z" name="addBook" data-provider="BooksData" finished-at="2024-12-26T05:36:01Z" duration-ms="6022" status="PASS">
          <params>
            <param index="0">
              <value>
                <![CDATA[nama]]>
              </value>
            </param>
            <param index="1">
              <value>
                <![CDATA[1511]]>
              </value>
            </param>
          </params>
          <reporter-output>
          </reporter-output>
        </test-method> <!-- addBook -->
        <test-method signature="addBook(java.lang.String, java.lang.String)[pri:0, instance:Files.DynamicJson@2fb0623e]" started-at="2024-12-26T05:36:01Z" name="addBook" data-provider="BooksData" finished-at="2024-12-26T05:36:01Z" duration-ms="186" status="PASS">
          <params>
            <param index="0">
              <value>
                <![CDATA[swap]]>
              </value>
            </param>
            <param index="1">
              <value>
                <![CDATA[9497]]>
              </value>
            </param>
          </params>
          <reporter-output>
          </reporter-output>
        </test-method> <!-- addBook -->
        <test-method signature="addBook(java.lang.String, java.lang.String)[pri:0, instance:Files.DynamicJson@2fb0623e]" started-at="2024-12-26T05:36:01Z" name="addBook" data-provider="BooksData" finished-at="2024-12-26T05:36:01Z" duration-ms="163" status="PASS">
          <params>
            <param index="0">
              <value>
                <![CDATA[tvrm]]>
              </value>
            </param>
            <param index="1">
              <value>
                <![CDATA[1507]]>
              </value>
            </param>
          </params>
          <reporter-output>
          </reporter-output>
        </test-method> <!-- addBook -->
      </class> <!-- Files.DynamicJson -->
    </test> <!-- Default test -->
  </suite> <!-- Default suite -->
</testng-results>
