<?xml version="1.0" encoding="UTF-8"?>
<!-- Generated by org.testng.reporters.JUnitXMLReporter -->
<testsuite ignored="0" hostname="DESKTOP-SV6O24V" failures="0" tests="3" name="Default test" time="6.458" errors="0" timestamp="26 Dec 2024 05:36:01 GMT">
  <testcase classname="Files.DynamicJson" name="addBook" time="6.022"/>
  <testcase classname="Files.DynamicJson" name="addBook" time="0.186"/>
  <testcase classname="Files.DynamicJson" name="addBook" time="0.163"/>
</testsuite> <!-- Default test -->
